#! /nix/store/x2idxrg5pkl71gq9a3bbv2dzqgx5jiyp-iverilog-12.0/bin/vvp
:ivl_version "12.0 (stable)";
:ivl_delay_selection "TYPICAL";
:vpi_time_precision - 12;
:vpi_module "/nix/store/x2idxrg5pkl71gq9a3bbv2dzqgx5jiyp-iverilog-12.0/lib/ivl/system.vpi";
:vpi_module "/nix/store/x2idxrg5pkl71gq9a3bbv2dzqgx5jiyp-iverilog-12.0/lib/ivl/vhdl_sys.vpi";
:vpi_module "/nix/store/x2idxrg5pkl71gq9a3bbv2dzqgx5jiyp-iverilog-12.0/lib/ivl/vhdl_textio.vpi";
:vpi_module "/nix/store/x2idxrg5pkl71gq9a3bbv2dzqgx5jiyp-iverilog-12.0/lib/ivl/v2005_math.vpi";
:vpi_module "/nix/store/x2idxrg5pkl71gq9a3bbv2dzqgx5jiyp-iverilog-12.0/lib/ivl/va_math.vpi";
S_0xb5726c0 .scope module, "test" "test" 2 14;
 .timescale -9 -12;
v0xb5ab410_0 .var "clk", 0 0;
v0xb5ab4d0_0 .var "d", 0 0;
v0xb5ab5a0_0 .net "out", 0 0, v0xb5ab230_0;  1 drivers
v0xb5ab6a0_0 .var "rst", 0 0;
S_0xb55d4d0 .scope module, "uut" "d_ff" 2 18, 2 3 0, S_0xb5726c0;
 .timescale -9 -12;
    .port_info 0 /INPUT 1 "d";
    .port_info 1 /INPUT 1 "rst";
    .port_info 2 /INPUT 1 "clk";
    .port_info 3 /OUTPUT 1 "out";
v0xb5971f0_0 .net "clk", 0 0, v0xb5ab410_0;  1 drivers
v0xb5ab170_0 .net "d", 0 0, v0xb5ab4d0_0;  1 drivers
v0xb5ab230_0 .var "out", 0 0;
v0xb5ab2d0_0 .net "rst", 0 0, v0xb5ab6a0_0;  1 drivers
E_0xb55e700 .event posedge, v0xb5971f0_0;
    .scope S_0xb55d4d0;
T_0 ;
    %wait E_0xb55e700;
    %load/vec4 v0xb5ab2d0_0;
    %nor/r;
    %flag_set/vec4 8;
    %jmp/0xz  T_0.0, 8;
    %pushi/vec4 0, 0, 1;
    %assign/vec4 v0xb5ab230_0, 0;
    %jmp T_0.1;
T_0.0 ;
    %load/vec4 v0xb5ab170_0;
    %assign/vec4 v0xb5ab230_0, 0;
T_0.1 ;
    %jmp T_0;
    .thread T_0;
    .scope S_0xb5726c0;
T_1 ;
    %pushi/vec4 0, 0, 1;
    %assign/vec4 v0xb5ab6a0_0, 0;
    %pushi/vec4 0, 0, 1;
    %assign/vec4 v0xb5ab4d0_0, 0;
    %delay 5000, 0;
    %vpi_call 2 25 "$display", "d=%0d, rst=%0d, clk=%0d, out=%0d", v0xb5ab4d0_0, v0xb5ab6a0_0, v0xb5ab410_0, v0xb5ab5a0_0 {0 0 0};
    %pushi/vec4 1, 0, 1;
    %store/vec4 v0xb5ab4d0_0, 0, 1;
    %delay 10000, 0;
    %vpi_call 2 29 "$display", "d=%0d, rst=%0d, clk=%0d, out=%0d", v0xb5ab4d0_0, v0xb5ab6a0_0, v0xb5ab410_0, v0xb5ab5a0_0 {0 0 0};
    %pushi/vec4 0, 0, 1;
    %store/vec4 v0xb5ab4d0_0, 0, 1;
    %delay 10000, 0;
    %vpi_call 2 33 "$display", "d=%0d, rst=%0d, clk=%0d, out=%0d", v0xb5ab4d0_0, v0xb5ab6a0_0, v0xb5ab410_0, v0xb5ab5a0_0 {0 0 0};
    %pushi/vec4 1, 0, 1;
    %store/vec4 v0xb5ab4d0_0, 0, 1;
    %pushi/vec4 1, 0, 1;
    %store/vec4 v0xb5ab6a0_0, 0, 1;
    %delay 10000, 0;
    %vpi_call 2 38 "$display", "d=%0d, rst=%0d, clk=%0d, out=%0d", v0xb5ab4d0_0, v0xb5ab6a0_0, v0xb5ab410_0, v0xb5ab5a0_0 {0 0 0};
    %vpi_call 2 39 "$finish" {0 0 0};
    %end;
    .thread T_1;
    .scope S_0xb5726c0;
T_2 ;
    %pushi/vec4 0, 0, 1;
    %store/vec4 v0xb5ab410_0, 0, 1;
    %delay 10000, 0;
    %pushi/vec4 1, 0, 1;
    %store/vec4 v0xb5ab410_0, 0, 1;
    %delay 10000, 0;
    %jmp T_2;
    .thread T_2;
# The file index is used to find the file name in the following table.
:file_names 3;
    "N/A";
    "<interactive>";
    "dff.v";
